
ROM used:   186/8192 (2%)
            186/8192 (2%) including unused fragments

            0.3 Average locations per line
            23.3 Average locations per statement

RAM used:   9/368 (2%) at main() level
            12/368 (3%) worst case

Stack used: 0 worst case (0 in main + 0 for interrupts)
Stack size: 8

Lines Stmts  %   Files
----- ----- ---  -----
   23     8 100  prueba.c
  676     0   0  ..\..\..\..\..\..\..\Program Files (x86)\PICC\Devices\16f877.h
----- -----
  699     8 Total

Page ROM  %  RAM    Vol Diff  Functions:
---- --- --- ---    --- ----  ----------
0     21  11    1             @delay_ms1
0     64  34    1    130  1.6  main
0      5   3    0             @const698
0     88  47    4             @PSTRINGC7_9600_62_63
0      4   2    0             @const703
 Inline         0             @cinit1

Program metrics:
    Functions               1
    Statements              8
    Comments                118
    Volume (V)              139
    Difficulty (D)          1.2
    Effort to implement (E) 172
    Time to implement (T)   0 minutes
    Est Delivered Bugs (B)  0
    Cyclomatic Complexity   1
    Maintainability (MI)    66

 Segment     Used  Free
-----------  ----  ----
00000-00003     4  0  
00004-007FF   182  1862  
00800-00FFF     0  2048  
01000-017FF     0  2048  
01800-01FFF     0  2048  



