
ROM used:   622/8192 (8%)
            622/8192 (8%) including unused fragments

            0.8 Average locations per line
            17.3 Average locations per statement

RAM used:   108/368 (29%) at main() level
            120/368 (33%) worst case

Stack used: 1 worst case (0 in main + 1 for interrupts)
Stack size: 8

Lines Stmts  %   Files
----- ----- ---  -----
   86    36 100  TFPRUEBA.c
  708     0   0  ..\..\..\..\..\..\..\Program Files (x86)\PICC\Devices\16f877a.h
----- -----
  794    36 Total

Page ROM  %  RAM    Vol Diff  Functions:
---- --- --- ---    --- ----  ----------
0     21   3    1             @delay_ms1
0     40   6    3    372  5.1  RDA_isr
0    268  43    3    518  6.5  MAIN
0    124  20    9             @PRINTF_LD_9600_62_63
0      4   1    0             @const716
0     84  14    4             @PSTRINGC7_9600_62_63
 Inline         0             @cinit1

Program metrics:
    Functions               2
    Statements              36
    Comments                144
    Volume (V)              1059
    Difficulty (D)          10.9
    Effort to implement (E) 11492
    Time to implement (T)   11 minutes
    Est Delivered Bugs (B)  0
    Cyclomatic Complexity   8
    Maintainability (MI)    118

 Segment     Used  Free
-----------  ----  ----
00000-00003     4  0  
00004-00050    77  0  
00051-007FF   541  1426  
00800-00FFF     0  2048  
01000-017FF     0  2048  
01800-01FFF     0  2048  



